22-Oct-2019 14:50:29.220 INFORMACIÓN [http-nio-8080-exec-5] org.apache.catalina.core.ApplicationContext.log Manager: init: Associated with Deployer 'Catalina:type=Deployer,host=localhost'
22-Oct-2019 14:50:29.220 INFORMACIÓN [http-nio-8080-exec-5] org.apache.catalina.core.ApplicationContext.log Manager: init: Global resources are available
22-Oct-2019 14:50:29.923 INFORMACIÓN [http-nio-8080-exec-7] org.apache.catalina.core.ApplicationContext.log Manager: list: Listing contexts for virtual host 'localhost'
22-Oct-2019 14:50:29.939 INFORMACIÓN [http-nio-8080-exec-8] org.apache.catalina.core.ApplicationContext.log Manager: list: Listing contexts for virtual host 'localhost'
22-Oct-2019 14:50:30.236 INFORMACIÓN [http-nio-8080-exec-9] org.apache.catalina.core.ApplicationContext.log Manager: restart: Reloading web application '/Savucv'
22-Oct-2019 17:45:08.903 INFORMACIÓN [http-nio-8080-exec-14] org.apache.catalina.core.ApplicationContext.log Manager: list: Listing contexts for virtual host 'localhost'
22-Oct-2019 17:45:09.025 INFORMACIÓN [http-nio-8080-exec-17] org.apache.catalina.core.ApplicationContext.log Manager: restart: Reloading web application '/Savucv'
22-Oct-2019 17:45:14.208 INFORMACIÓN [http-nio-8080-exec-21] org.apache.catalina.core.ApplicationContext.log Manager: list: Listing contexts for virtual host 'localhost'
22-Oct-2019 17:45:14.216 INFORMACIÓN [http-nio-8080-exec-13] org.apache.catalina.core.ApplicationContext.log Manager: restart: Reloading web application '/Savucv'
22-Oct-2019 17:54:17.910 INFORMACIÓN [http-nio-8080-exec-31] org.apache.catalina.core.ApplicationContext.log Manager: list: Listing contexts for virtual host 'localhost'
22-Oct-2019 17:54:17.921 INFORMACIÓN [http-nio-8080-exec-22] org.apache.catalina.core.ApplicationContext.log Manager: restart: Reloading web application '/Savucv'
22-Oct-2019 17:54:56.478 INFORMACIÓN [http-nio-8080-exec-35] org.apache.catalina.core.ApplicationContext.log Manager: list: Listing contexts for virtual host 'localhost'
22-Oct-2019 17:54:56.497 INFORMACIÓN [http-nio-8080-exec-25] org.apache.catalina.core.ApplicationContext.log Manager: restart: Reloading web application '/Savucv'
22-Oct-2019 18:10:02.607 INFORMACIÓN [http-nio-8080-exec-45] org.apache.catalina.core.ApplicationContext.log Manager: list: Listing contexts for virtual host 'localhost'
22-Oct-2019 18:10:47.669 INFORMACIÓN [http-nio-8080-exec-39] org.apache.catalina.core.ApplicationContext.log Manager: list: Listing contexts for virtual host 'localhost'
22-Oct-2019 18:10:47.683 INFORMACIÓN [http-nio-8080-exec-40] org.apache.catalina.core.ApplicationContext.log Manager: restart: Reloading web application '/Savucv'
22-Oct-2019 18:11:01.199 INFORMACIÓN [http-nio-8080-exec-47] org.apache.catalina.core.ApplicationContext.log Manager: list: Listing contexts for virtual host 'localhost'
22-Oct-2019 18:12:22.281 INFORMACIÓN [http-nio-8080-exec-46] org.apache.catalina.core.ApplicationContext.log Manager: list: Listing contexts for virtual host 'localhost'
22-Oct-2019 18:12:22.295 INFORMACIÓN [http-nio-8080-exec-47] org.apache.catalina.core.ApplicationContext.log Manager: restart: Reloading web application '/Savucv'
22-Oct-2019 18:12:32.141 INFORMACIÓN [http-nio-8080-exec-54] org.apache.catalina.core.ApplicationContext.log Manager: list: Listing contexts for virtual host 'localhost'
22-Oct-2019 18:12:32.152 INFORMACIÓN [http-nio-8080-exec-51] org.apache.catalina.core.ApplicationContext.log Manager: restart: Reloading web application '/Savucv'
22-Oct-2019 18:13:46.779 INFORMACIÓN [http-nio-8080-exec-55] org.apache.catalina.core.ApplicationContext.log Manager: list: Listing contexts for virtual host 'localhost'
22-Oct-2019 18:13:46.788 INFORMACIÓN [http-nio-8080-exec-59] org.apache.catalina.core.ApplicationContext.log Manager: restart: Reloading web application '/Savucv'
22-Oct-2019 18:18:41.584 INFORMACIÓN [http-nio-8080-exec-49] org.apache.catalina.core.ApplicationContext.log Manager: list: Listing contexts for virtual host 'localhost'
22-Oct-2019 18:18:41.595 INFORMACIÓN [http-nio-8080-exec-60] org.apache.catalina.core.ApplicationContext.log Manager: restart: Reloading web application '/Savucv'
22-Oct-2019 18:21:02.419 INFORMACIÓN [http-nio-8080-exec-70] org.apache.catalina.core.ApplicationContext.log Manager: list: Listing contexts for virtual host 'localhost'
22-Oct-2019 18:21:02.427 INFORMACIÓN [http-nio-8080-exec-69] org.apache.catalina.core.ApplicationContext.log Manager: restart: Reloading web application '/Savucv'
22-Oct-2019 18:41:25.688 INFORMACIÓN [http-nio-8080-exec-74] org.apache.catalina.core.ApplicationContext.log Manager: list: Listing contexts for virtual host 'localhost'
22-Oct-2019 18:41:25.697 INFORMACIÓN [http-nio-8080-exec-75] org.apache.catalina.core.ApplicationContext.log Manager: restart: Reloading web application '/Savucv'
22-Oct-2019 18:44:11.213 INFORMACIÓN [http-nio-8080-exec-84] org.apache.catalina.core.ApplicationContext.log Manager: list: Listing contexts for virtual host 'localhost'
22-Oct-2019 18:44:11.223 INFORMACIÓN [http-nio-8080-exec-86] org.apache.catalina.core.ApplicationContext.log Manager: restart: Reloading web application '/Savucv'
22-Oct-2019 18:45:03.300 INFORMACIÓN [http-nio-8080-exec-82] org.apache.catalina.core.ApplicationContext.log Manager: list: Listing contexts for virtual host 'localhost'
22-Oct-2019 18:45:03.316 INFORMACIÓN [http-nio-8080-exec-92] org.apache.catalina.core.ApplicationContext.log Manager: restart: Reloading web application '/Savucv'
22-Oct-2019 18:45:45.911 INFORMACIÓN [http-nio-8080-exec-96] org.apache.catalina.core.ApplicationContext.log Manager: list: Listing contexts for virtual host 'localhost'
22-Oct-2019 18:45:45.921 INFORMACIÓN [http-nio-8080-exec-82] org.apache.catalina.core.ApplicationContext.log Manager: restart: Reloading web application '/Savucv'
22-Oct-2019 18:45:56.971 INFORMACIÓN [http-nio-8080-exec-98] org.apache.catalina.core.ApplicationContext.log Manager: list: Listing contexts for virtual host 'localhost'
22-Oct-2019 18:45:56.989 INFORMACIÓN [http-nio-8080-exec-94] org.apache.catalina.core.ApplicationContext.log Manager: restart: Reloading web application '/Savucv'
22-Oct-2019 18:46:53.697 INFORMACIÓN [http-nio-8080-exec-101] org.apache.catalina.core.ApplicationContext.log Manager: list: Listing contexts for virtual host 'localhost'
22-Oct-2019 18:46:53.709 INFORMACIÓN [http-nio-8080-exec-84] org.apache.catalina.core.ApplicationContext.log Manager: restart: Reloading web application '/Savucv'
22-Oct-2019 18:47:35.181 INFORMACIÓN [http-nio-8080-exec-104] org.apache.catalina.core.ApplicationContext.log Manager: list: Listing contexts for virtual host 'localhost'
22-Oct-2019 18:47:35.195 INFORMACIÓN [http-nio-8080-exec-96] org.apache.catalina.core.ApplicationContext.log Manager: restart: Reloading web application '/Savucv'
22-Oct-2019 18:48:02.533 INFORMACIÓN [http-nio-8080-exec-100] org.apache.catalina.core.ApplicationContext.log Manager: list: Listing contexts for virtual host 'localhost'
22-Oct-2019 18:48:02.544 INFORMACIÓN [http-nio-8080-exec-108] org.apache.catalina.core.ApplicationContext.log Manager: restart: Reloading web application '/Savucv'
22-Oct-2019 18:48:04.744 INFORMACIÓN [http-nio-8080-exec-87] org.apache.catalina.core.ApplicationContext.log Manager: list: Listing contexts for virtual host 'localhost'
22-Oct-2019 18:48:04.791 INFORMACIÓN [http-nio-8080-exec-106] org.apache.catalina.core.ApplicationContext.log Manager: restart: Reloading web application '/Savucv'
22-Oct-2019 18:48:10.492 INFORMACIÓN [http-nio-8080-exec-109] org.apache.catalina.core.ApplicationContext.log Manager: list: Listing contexts for virtual host 'localhost'
22-Oct-2019 18:48:10.505 INFORMACIÓN [http-nio-8080-exec-87] org.apache.catalina.core.ApplicationContext.log Manager: restart: Reloading web application '/Savucv'
22-Oct-2019 18:48:17.242 INFORMACIÓN [http-nio-8080-exec-114] org.apache.catalina.core.ApplicationContext.log Manager: list: Listing contexts for virtual host 'localhost'
22-Oct-2019 18:48:17.253 INFORMACIÓN [http-nio-8080-exec-104] org.apache.catalina.core.ApplicationContext.log Manager: restart: Reloading web application '/Savucv'
22-Oct-2019 18:48:19.135 INFORMACIÓN [http-nio-8080-exec-115] org.apache.catalina.core.ApplicationContext.log Manager: list: Listing contexts for virtual host 'localhost'
22-Oct-2019 18:48:19.148 INFORMACIÓN [http-nio-8080-exec-113] org.apache.catalina.core.ApplicationContext.log Manager: restart: Reloading web application '/Savucv'
22-Oct-2019 18:49:25.440 INFORMACIÓN [http-nio-8080-exec-114] org.apache.catalina.core.ApplicationContext.log Manager: list: Listing contexts for virtual host 'localhost'
22-Oct-2019 18:49:25.450 INFORMACIÓN [http-nio-8080-exec-116] org.apache.catalina.core.ApplicationContext.log Manager: restart: Reloading web application '/Savucv'
22-Oct-2019 18:49:27.397 INFORMACIÓN [http-nio-8080-exec-120] org.apache.catalina.core.ApplicationContext.log Manager: list: Listing contexts for virtual host 'localhost'
22-Oct-2019 18:49:27.411 INFORMACIÓN [http-nio-8080-exec-115] org.apache.catalina.core.ApplicationContext.log Manager: restart: Reloading web application '/Savucv'
22-Oct-2019 18:49:56.806 INFORMACIÓN [http-nio-8080-exec-122] org.apache.catalina.core.ApplicationContext.log Manager: list: Listing contexts for virtual host 'localhost'
22-Oct-2019 18:49:56.815 INFORMACIÓN [http-nio-8080-exec-123] org.apache.catalina.core.ApplicationContext.log Manager: restart: Reloading web application '/Savucv'
22-Oct-2019 18:50:37.810 INFORMACIÓN [http-nio-8080-exec-118] org.apache.catalina.core.ApplicationContext.log Manager: list: Listing contexts for virtual host 'localhost'
22-Oct-2019 18:50:37.818 INFORMACIÓN [http-nio-8080-exec-117] org.apache.catalina.core.ApplicationContext.log Manager: restart: Reloading web application '/Savucv'
22-Oct-2019 18:51:59.587 INFORMACIÓN [http-nio-8080-exec-127] org.apache.catalina.core.ApplicationContext.log Manager: list: Listing contexts for virtual host 'localhost'
22-Oct-2019 18:51:59.599 INFORMACIÓN [http-nio-8080-exec-129] org.apache.catalina.core.ApplicationContext.log Manager: restart: Reloading web application '/Savucv'
22-Oct-2019 18:52:09.786 INFORMACIÓN [http-nio-8080-exec-128] org.apache.catalina.core.ApplicationContext.log Manager: list: Listing contexts for virtual host 'localhost'
22-Oct-2019 18:52:09.796 INFORMACIÓN [http-nio-8080-exec-119] org.apache.catalina.core.ApplicationContext.log Manager: restart: Reloading web application '/Savucv'
22-Oct-2019 18:53:10.111 INFORMACIÓN [http-nio-8080-exec-135] org.apache.catalina.core.ApplicationContext.log Manager: list: Listing contexts for virtual host 'localhost'
22-Oct-2019 18:53:10.119 INFORMACIÓN [http-nio-8080-exec-131] org.apache.catalina.core.ApplicationContext.log Manager: restart: Reloading web application '/Savucv'
22-Oct-2019 18:53:15.901 INFORMACIÓN [http-nio-8080-exec-137] org.apache.catalina.core.ApplicationContext.log Manager: list: Listing contexts for virtual host 'localhost'
22-Oct-2019 18:53:15.911 INFORMACIÓN [http-nio-8080-exec-134] org.apache.catalina.core.ApplicationContext.log Manager: restart: Reloading web application '/Savucv'
22-Oct-2019 18:53:26.173 INFORMACIÓN [http-nio-8080-exec-140] org.apache.catalina.core.ApplicationContext.log Manager: list: Listing contexts for virtual host 'localhost'
22-Oct-2019 18:53:26.184 INFORMACIÓN [http-nio-8080-exec-128] org.apache.catalina.core.ApplicationContext.log Manager: restart: Reloading web application '/Savucv'
22-Oct-2019 18:53:28.153 INFORMACIÓN [http-nio-8080-exec-141] org.apache.catalina.core.ApplicationContext.log Manager: list: Listing contexts for virtual host 'localhost'
22-Oct-2019 18:53:28.174 INFORMACIÓN [http-nio-8080-exec-139] org.apache.catalina.core.ApplicationContext.log Manager: restart: Reloading web application '/Savucv'
22-Oct-2019 18:55:15.556 INFORMACIÓN [http-nio-8080-exec-142] org.apache.catalina.core.ApplicationContext.log Manager: list: Listing contexts for virtual host 'localhost'
22-Oct-2019 18:55:15.564 INFORMACIÓN [http-nio-8080-exec-143] org.apache.catalina.core.ApplicationContext.log Manager: restart: Reloading web application '/Savucv'
22-Oct-2019 18:55:23.711 INFORMACIÓN [http-nio-8080-exec-144] org.apache.catalina.core.ApplicationContext.log Manager: list: Listing contexts for virtual host 'localhost'
22-Oct-2019 18:55:23.721 INFORMACIÓN [http-nio-8080-exec-149] org.apache.catalina.core.ApplicationContext.log Manager: restart: Reloading web application '/Savucv'
22-Oct-2019 18:57:19.293 INFORMACIÓN [http-nio-8080-exec-150] org.apache.catalina.core.ApplicationContext.log Manager: list: Listing contexts for virtual host 'localhost'
22-Oct-2019 18:57:19.306 INFORMACIÓN [http-nio-8080-exec-151] org.apache.catalina.core.ApplicationContext.log Manager: restart: Reloading web application '/Savucv'
22-Oct-2019 18:58:20.355 INFORMACIÓN [http-nio-8080-exec-157] org.apache.catalina.core.ApplicationContext.log Manager: list: Listing contexts for virtual host 'localhost'
22-Oct-2019 18:58:20.363 INFORMACIÓN [http-nio-8080-exec-158] org.apache.catalina.core.ApplicationContext.log Manager: restart: Reloading web application '/Savucv'
22-Oct-2019 18:59:13.412 INFORMACIÓN [http-nio-8080-exec-153] org.apache.catalina.core.ApplicationContext.log Manager: list: Listing contexts for virtual host 'localhost'
22-Oct-2019 18:59:13.422 INFORMACIÓN [http-nio-8080-exec-162] org.apache.catalina.core.ApplicationContext.log Manager: restart: Reloading web application '/Savucv'
22-Oct-2019 18:59:29.473 INFORMACIÓN [http-nio-8080-exec-165] org.apache.catalina.core.ApplicationContext.log Manager: list: Listing contexts for virtual host 'localhost'
22-Oct-2019 18:59:29.483 INFORMACIÓN [http-nio-8080-exec-160] org.apache.catalina.core.ApplicationContext.log Manager: restart: Reloading web application '/Savucv'
22-Oct-2019 18:59:36.759 INFORMACIÓN [http-nio-8080-exec-163] org.apache.catalina.core.ApplicationContext.log Manager: list: Listing contexts for virtual host 'localhost'
22-Oct-2019 18:59:36.761 INFORMACIÓN [http-nio-8080-exec-133] org.apache.catalina.core.ApplicationContext.log Manager: list: Listing contexts for virtual host 'localhost'
22-Oct-2019 18:59:37.044 INFORMACIÓN [http-nio-8080-exec-141] org.apache.catalina.core.ApplicationContext.log Manager: restart: Reloading web application '/Savucv'
22-Oct-2019 19:00:35.671 INFORMACIÓN [http-nio-8080-exec-174] org.apache.catalina.core.ApplicationContext.log Manager: list: Listing contexts for virtual host 'localhost'
22-Oct-2019 19:00:48.571 INFORMACIÓN [http-nio-8080-exec-156] org.apache.catalina.core.ApplicationContext.log Manager: list: Listing contexts for virtual host 'localhost'
22-Oct-2019 19:00:48.573 INFORMACIÓN [http-nio-8080-exec-169] org.apache.catalina.core.ApplicationContext.log Manager: list: Listing contexts for virtual host 'localhost'
22-Oct-2019 19:00:48.926 INFORMACIÓN [http-nio-8080-exec-173] org.apache.catalina.core.ApplicationContext.log Manager: restart: Reloading web application '/Savucv'
22-Oct-2019 19:01:38.203 INFORMACIÓN [http-nio-8080-exec-169] org.apache.catalina.core.ApplicationContext.log Manager: list: Listing contexts for virtual host 'localhost'
22-Oct-2019 19:01:38.227 INFORMACIÓN [http-nio-8080-exec-179] org.apache.catalina.core.ApplicationContext.log Manager: undeploy: Undeploying web application at '/Savucv'
22-Oct-2019 19:01:56.581 INFORMACIÓN [http-nio-8080-exec-178] org.apache.catalina.core.ApplicationContext.log Manager: list: Listing contexts for virtual host 'localhost'
22-Oct-2019 19:01:56.583 INFORMACIÓN [http-nio-8080-exec-180] org.apache.catalina.core.ApplicationContext.log Manager: list: Listing contexts for virtual host 'localhost'
22-Oct-2019 19:01:56.665 INFORMACIÓN [http-nio-8080-exec-181] org.apache.catalina.core.ApplicationContext.log Manager: install: Installing context configuration at 'file:/C:/Users/PC/AppData/Local/Temp/context4576803895335633208.xml'
22-Oct-2019 19:01:58.537 INFORMACIÓN [http-nio-8080-exec-156] org.apache.catalina.core.ApplicationContext.log Manager: start: Starting web application '/Savucv'
22-Oct-2019 19:03:25.216 INFORMACIÓN [http-nio-8080-exec-185] org.apache.catalina.core.ApplicationContext.log Manager: list: Listing contexts for virtual host 'localhost'
22-Oct-2019 19:03:25.224 INFORMACIÓN [http-nio-8080-exec-188] org.apache.catalina.core.ApplicationContext.log Manager: restart: Reloading web application '/Savucv'
22-Oct-2019 19:03:27.190 INFORMACIÓN [http-nio-8080-exec-193] org.apache.catalina.core.ApplicationContext.log Manager: list: Listing contexts for virtual host 'localhost'
22-Oct-2019 19:03:27.200 INFORMACIÓN [http-nio-8080-exec-184] org.apache.catalina.core.ApplicationContext.log Manager: restart: Reloading web application '/Savucv'
22-Oct-2019 19:05:12.633 INFORMACIÓN [http-nio-8080-exec-194] org.apache.catalina.core.ApplicationContext.log Manager: list: Listing contexts for virtual host 'localhost'
22-Oct-2019 19:05:12.646 INFORMACIÓN [http-nio-8080-exec-195] org.apache.catalina.core.ApplicationContext.log Manager: restart: Reloading web application '/Savucv'
22-Oct-2019 19:08:17.172 INFORMACIÓN [http-nio-8080-exec-199] org.apache.catalina.core.ApplicationContext.log Manager: list: Listing contexts for virtual host 'localhost'
22-Oct-2019 19:08:17.181 INFORMACIÓN [http-nio-8080-exec-200] org.apache.catalina.core.ApplicationContext.log Manager: restart: Reloading web application '/Savucv'
22-Oct-2019 19:08:23.810 INFORMACIÓN [http-nio-8080-exec-202] org.apache.catalina.core.ApplicationContext.log Manager: list: Listing contexts for virtual host 'localhost'
22-Oct-2019 19:08:23.821 INFORMACIÓN [http-nio-8080-exec-208] org.apache.catalina.core.ApplicationContext.log Manager: restart: Reloading web application '/Savucv'
22-Oct-2019 19:08:51.527 INFORMACIÓN [http-nio-8080-exec-203] org.apache.catalina.core.ApplicationContext.log Manager: list: Listing contexts for virtual host 'localhost'
22-Oct-2019 19:08:51.535 INFORMACIÓN [http-nio-8080-exec-199] org.apache.catalina.core.ApplicationContext.log Manager: restart: Reloading web application '/Savucv'
22-Oct-2019 19:09:10.744 INFORMACIÓN [http-nio-8080-exec-210] org.apache.catalina.core.ApplicationContext.log Manager: list: Listing contexts for virtual host 'localhost'
22-Oct-2019 19:09:10.756 INFORMACIÓN [http-nio-8080-exec-203] org.apache.catalina.core.ApplicationContext.log Manager: restart: Reloading web application '/Savucv'
22-Oct-2019 19:09:23.357 INFORMACIÓN [http-nio-8080-exec-211] org.apache.catalina.core.ApplicationContext.log Manager: list: Listing contexts for virtual host 'localhost'
22-Oct-2019 19:09:23.368 INFORMACIÓN [http-nio-8080-exec-210] org.apache.catalina.core.ApplicationContext.log Manager: restart: Reloading web application '/Savucv'
22-Oct-2019 19:09:27.890 INFORMACIÓN [http-nio-8080-exec-218] org.apache.catalina.core.ApplicationContext.log Manager: list: Listing contexts for virtual host 'localhost'
22-Oct-2019 19:09:27.898 INFORMACIÓN [http-nio-8080-exec-215] org.apache.catalina.core.ApplicationContext.log Manager: restart: Reloading web application '/Savucv'
22-Oct-2019 19:09:51.913 INFORMACIÓN [http-nio-8080-exec-221] org.apache.catalina.core.ApplicationContext.log Manager: list: Listing contexts for virtual host 'localhost'
22-Oct-2019 19:09:51.923 INFORMACIÓN [http-nio-8080-exec-219] org.apache.catalina.core.ApplicationContext.log Manager: restart: Reloading web application '/Savucv'
22-Oct-2019 19:27:55.157 INFORMACIÓN [http-nio-8080-exec-222] org.apache.catalina.core.ApplicationContext.log Manager: list: Listing contexts for virtual host 'localhost'
22-Oct-2019 19:27:55.166 INFORMACIÓN [http-nio-8080-exec-223] org.apache.catalina.core.ApplicationContext.log Manager: restart: Reloading web application '/Savucv'
22-Oct-2019 19:28:38.849 INFORMACIÓN [http-nio-8080-exec-233] org.apache.catalina.core.ApplicationContext.log Manager: list: Listing contexts for virtual host 'localhost'
22-Oct-2019 19:28:38.873 INFORMACIÓN [http-nio-8080-exec-234] org.apache.catalina.core.ApplicationContext.log Manager: restart: Reloading web application '/Savucv'
22-Oct-2019 19:28:40.656 INFORMACIÓN [http-nio-8080-exec-228] org.apache.catalina.core.ApplicationContext.log Manager: list: Listing contexts for virtual host 'localhost'
22-Oct-2019 19:28:40.673 INFORMACIÓN [http-nio-8080-exec-231] org.apache.catalina.core.ApplicationContext.log Manager: restart: Reloading web application '/Savucv'
22-Oct-2019 19:29:54.569 INFORMACIÓN [http-nio-8080-exec-241] org.apache.catalina.core.ApplicationContext.log Manager: list: Listing contexts for virtual host 'localhost'
22-Oct-2019 19:29:54.579 INFORMACIÓN [http-nio-8080-exec-236] org.apache.catalina.core.ApplicationContext.log Manager: restart: Reloading web application '/Savucv'
22-Oct-2019 19:29:56.293 INFORMACIÓN [http-nio-8080-exec-240] org.apache.catalina.core.ApplicationContext.log Manager: list: Listing contexts for virtual host 'localhost'
22-Oct-2019 19:29:56.310 INFORMACIÓN [http-nio-8080-exec-237] org.apache.catalina.core.ApplicationContext.log Manager: restart: Reloading web application '/Savucv'
22-Oct-2019 19:30:29.907 INFORMACIÓN [http-nio-8080-exec-241] org.apache.catalina.core.ApplicationContext.log Manager: list: Listing contexts for virtual host 'localhost'
22-Oct-2019 19:30:29.916 INFORMACIÓN [http-nio-8080-exec-244] org.apache.catalina.core.ApplicationContext.log Manager: restart: Reloading web application '/Savucv'
22-Oct-2019 19:30:33.326 INFORMACIÓN [http-nio-8080-exec-242] org.apache.catalina.core.ApplicationContext.log Manager: list: Listing contexts for virtual host 'localhost'
22-Oct-2019 19:30:33.340 INFORMACIÓN [http-nio-8080-exec-235] org.apache.catalina.core.ApplicationContext.log Manager: restart: Reloading web application '/Savucv'
22-Oct-2019 19:30:55.335 INFORMACIÓN [http-nio-8080-exec-251] org.apache.catalina.core.ApplicationContext.log Manager: list: Listing contexts for virtual host 'localhost'
22-Oct-2019 19:30:55.345 INFORMACIÓN [http-nio-8080-exec-241] org.apache.catalina.core.ApplicationContext.log Manager: restart: Reloading web application '/Savucv'
22-Oct-2019 19:31:01.878 INFORMACIÓN [http-nio-8080-exec-240] org.apache.catalina.core.ApplicationContext.log Manager: list: Listing contexts for virtual host 'localhost'
22-Oct-2019 19:31:01.890 INFORMACIÓN [http-nio-8080-exec-254] org.apache.catalina.core.ApplicationContext.log Manager: restart: Reloading web application '/Savucv'
22-Oct-2019 19:32:29.596 INFORMACIÓN [http-nio-8080-exec-255] org.apache.catalina.core.ApplicationContext.log Manager: list: Listing contexts for virtual host 'localhost'
22-Oct-2019 19:32:29.605 INFORMACIÓN [http-nio-8080-exec-256] org.apache.catalina.core.ApplicationContext.log Manager: restart: Reloading web application '/Savucv'
22-Oct-2019 19:35:05.493 INFORMACIÓN [http-nio-8080-exec-260] org.apache.catalina.core.ApplicationContext.log Manager: list: Listing contexts for virtual host 'localhost'
22-Oct-2019 19:35:05.504 INFORMACIÓN [http-nio-8080-exec-261] org.apache.catalina.core.ApplicationContext.log Manager: restart: Reloading web application '/Savucv'
22-Oct-2019 19:35:07.394 INFORMACIÓN [http-nio-8080-exec-264] org.apache.catalina.core.ApplicationContext.log Manager: list: Listing contexts for virtual host 'localhost'
22-Oct-2019 19:35:07.408 INFORMACIÓN [http-nio-8080-exec-260] org.apache.catalina.core.ApplicationContext.log Manager: restart: Reloading web application '/Savucv'
22-Oct-2019 20:10:44.980 INFORMACIÓN [http-nio-8080-exec-274] org.apache.catalina.core.ApplicationContext.log Manager: list: Listing contexts for virtual host 'localhost'
22-Oct-2019 20:10:45.012 INFORMACIÓN [http-nio-8080-exec-273] org.apache.catalina.core.ApplicationContext.log Manager: list: Listing contexts for virtual host 'localhost'
22-Oct-2019 20:10:46.089 INFORMACIÓN [http-nio-8080-exec-276] org.apache.catalina.core.ApplicationContext.log Manager: list: Listing contexts for virtual host 'localhost'
22-Oct-2019 20:10:46.127 INFORMACIÓN [http-nio-8080-exec-268] org.apache.catalina.core.ApplicationContext.log Manager: restart: Reloading web application '/Savucv'
22-Oct-2019 20:10:57.096 INFORMACIÓN [http-nio-8080-exec-279] org.apache.catalina.core.ApplicationContext.log Manager: list: Listing contexts for virtual host 'localhost'
22-Oct-2019 20:10:58.023 INFORMACIÓN [http-nio-8080-exec-272] org.apache.catalina.core.ApplicationContext.log Manager: list: Listing contexts for virtual host 'localhost'
22-Oct-2019 20:10:58.032 INFORMACIÓN [http-nio-8080-exec-273] org.apache.catalina.core.ApplicationContext.log Manager: restart: Reloading web application '/Savucv'
22-Oct-2019 20:11:06.504 INFORMACIÓN [http-nio-8080-exec-281] org.apache.catalina.core.ApplicationContext.log Manager: list: Listing contexts for virtual host 'localhost'
22-Oct-2019 20:11:07.362 INFORMACIÓN [http-nio-8080-exec-271] org.apache.catalina.core.ApplicationContext.log Manager: list: Listing contexts for virtual host 'localhost'
22-Oct-2019 20:11:07.377 INFORMACIÓN [http-nio-8080-exec-275] org.apache.catalina.core.ApplicationContext.log Manager: restart: Reloading web application '/Savucv'
22-Oct-2019 20:12:22.278 INFORMACIÓN [http-nio-8080-exec-282] org.apache.catalina.core.ApplicationContext.log Manager: list: Listing contexts for virtual host 'localhost'
22-Oct-2019 20:12:22.305 INFORMACIÓN [http-nio-8080-exec-285] org.apache.catalina.core.ApplicationContext.log Manager: restart: Reloading web application '/Savucv'
22-Oct-2019 20:12:25.062 INFORMACIÓN [http-nio-8080-exec-286] org.apache.catalina.core.ApplicationContext.log Manager: list: Listing contexts for virtual host 'localhost'
22-Oct-2019 20:12:25.080 INFORMACIÓN [http-nio-8080-exec-277] org.apache.catalina.core.ApplicationContext.log Manager: restart: Reloading web application '/Savucv'
22-Oct-2019 20:12:27.581 INFORMACIÓN [http-nio-8080-exec-286] org.apache.catalina.core.ApplicationContext.log Manager: list: Listing contexts for virtual host 'localhost'
22-Oct-2019 20:12:27.629 INFORMACIÓN [http-nio-8080-exec-278] org.apache.catalina.core.ApplicationContext.log Manager: restart: Reloading web application '/Savucv'
22-Oct-2019 20:12:32.648 INFORMACIÓN [http-nio-8080-exec-272] org.apache.catalina.core.ApplicationContext.log Manager: list: Listing contexts for virtual host 'localhost'
22-Oct-2019 20:12:32.672 INFORMACIÓN [http-nio-8080-exec-280] org.apache.catalina.core.ApplicationContext.log Manager: restart: Reloading web application '/Savucv'
22-Oct-2019 20:12:35.426 INFORMACIÓN [http-nio-8080-exec-290] org.apache.catalina.core.ApplicationContext.log Manager: list: Listing contexts for virtual host 'localhost'
22-Oct-2019 20:12:35.439 INFORMACIÓN [http-nio-8080-exec-283] org.apache.catalina.core.ApplicationContext.log Manager: restart: Reloading web application '/Savucv'
22-Oct-2019 20:13:35.110 INFORMACIÓN [http-nio-8080-exec-292] org.apache.catalina.core.ApplicationContext.log Manager: list: Listing contexts for virtual host 'localhost'
22-Oct-2019 20:13:35.121 INFORMACIÓN [http-nio-8080-exec-293] org.apache.catalina.core.ApplicationContext.log Manager: restart: Reloading web application '/Savucv'
22-Oct-2019 20:13:37.051 INFORMACIÓN [http-nio-8080-exec-291] org.apache.catalina.core.ApplicationContext.log Manager: list: Listing contexts for virtual host 'localhost'
22-Oct-2019 20:13:37.063 INFORMACIÓN [http-nio-8080-exec-270] org.apache.catalina.core.ApplicationContext.log Manager: restart: Reloading web application '/Savucv'
22-Oct-2019 20:14:19.085 INFORMACIÓN [http-nio-8080-exec-298] org.apache.catalina.core.ApplicationContext.log Manager: list: Listing contexts for virtual host 'localhost'
22-Oct-2019 20:14:19.099 INFORMACIÓN [http-nio-8080-exec-295] org.apache.catalina.core.ApplicationContext.log Manager: restart: Reloading web application '/Savucv'
22-Oct-2019 20:14:21.166 INFORMACIÓN [http-nio-8080-exec-291] org.apache.catalina.core.ApplicationContext.log Manager: list: Listing contexts for virtual host 'localhost'
22-Oct-2019 20:14:21.178 INFORMACIÓN [http-nio-8080-exec-300] org.apache.catalina.core.ApplicationContext.log Manager: restart: Reloading web application '/Savucv'
22-Oct-2019 20:14:23.292 INFORMACIÓN [http-nio-8080-exec-292] org.apache.catalina.core.ApplicationContext.log Manager: list: Listing contexts for virtual host 'localhost'
22-Oct-2019 20:14:23.308 INFORMACIÓN [http-nio-8080-exec-299] org.apache.catalina.core.ApplicationContext.log Manager: restart: Reloading web application '/Savucv'
22-Oct-2019 20:14:55.281 INFORMACIÓN [http-nio-8080-exec-287] org.apache.catalina.core.ApplicationContext.log Manager: list: Listing contexts for virtual host 'localhost'
22-Oct-2019 20:14:55.302 INFORMACIÓN [http-nio-8080-exec-297] org.apache.catalina.core.ApplicationContext.log Manager: restart: Reloading web application '/Savucv'
22-Oct-2019 20:14:57.626 INFORMACIÓN [http-nio-8080-exec-287] org.apache.catalina.core.ApplicationContext.log Manager: list: Listing contexts for virtual host 'localhost'
22-Oct-2019 20:14:57.647 INFORMACIÓN [http-nio-8080-exec-306] org.apache.catalina.core.ApplicationContext.log Manager: restart: Reloading web application '/Savucv'
22-Oct-2019 20:15:00.223 INFORMACIÓN [http-nio-8080-exec-302] org.apache.catalina.core.ApplicationContext.log Manager: list: Listing contexts for virtual host 'localhost'
22-Oct-2019 20:15:00.238 INFORMACIÓN [http-nio-8080-exec-304] org.apache.catalina.core.ApplicationContext.log Manager: restart: Reloading web application '/Savucv'
22-Oct-2019 20:15:02.779 INFORMACIÓN [http-nio-8080-exec-305] org.apache.catalina.core.ApplicationContext.log Manager: list: Listing contexts for virtual host 'localhost'
22-Oct-2019 20:15:02.793 INFORMACIÓN [http-nio-8080-exec-307] org.apache.catalina.core.ApplicationContext.log Manager: restart: Reloading web application '/Savucv'
22-Oct-2019 20:15:27.231 INFORMACIÓN [http-nio-8080-exec-312] org.apache.catalina.core.ApplicationContext.log Manager: list: Listing contexts for virtual host 'localhost'
22-Oct-2019 20:15:27.245 INFORMACIÓN [http-nio-8080-exec-287] org.apache.catalina.core.ApplicationContext.log Manager: restart: Reloading web application '/Savucv'
22-Oct-2019 20:17:12.568 INFORMACIÓN [http-nio-8080-exec-317] org.apache.catalina.core.ApplicationContext.log Manager: list: Listing contexts for virtual host 'localhost'
22-Oct-2019 20:17:12.577 INFORMACIÓN [http-nio-8080-exec-313] org.apache.catalina.core.ApplicationContext.log Manager: restart: Reloading web application '/Savucv'
22-Oct-2019 20:19:19.392 INFORMACIÓN [http-nio-8080-exec-319] org.apache.catalina.core.ApplicationContext.log Manager: list: Listing contexts for virtual host 'localhost'
22-Oct-2019 20:19:19.400 INFORMACIÓN [http-nio-8080-exec-320] org.apache.catalina.core.ApplicationContext.log Manager: restart: Reloading web application '/Savucv'
22-Oct-2019 20:20:01.708 INFORMACIÓN [http-nio-8080-exec-319] org.apache.catalina.core.ApplicationContext.log Manager: list: Listing contexts for virtual host 'localhost'
22-Oct-2019 20:20:01.719 INFORMACIÓN [http-nio-8080-exec-323] org.apache.catalina.core.ApplicationContext.log Manager: restart: Reloading web application '/Savucv'
22-Oct-2019 20:20:03.597 INFORMACIÓN [http-nio-8080-exec-326] org.apache.catalina.core.ApplicationContext.log Manager: list: Listing contexts for virtual host 'localhost'
22-Oct-2019 20:20:03.619 INFORMACIÓN [http-nio-8080-exec-325] org.apache.catalina.core.ApplicationContext.log Manager: restart: Reloading web application '/Savucv'
22-Oct-2019 20:20:12.646 INFORMACIÓN [http-nio-8080-exec-330] org.apache.catalina.core.ApplicationContext.log Manager: list: Listing contexts for virtual host 'localhost'
22-Oct-2019 20:20:12.658 INFORMACIÓN [http-nio-8080-exec-321] org.apache.catalina.core.ApplicationContext.log Manager: restart: Reloading web application '/Savucv'
22-Oct-2019 20:20:47.332 INFORMACIÓN [http-nio-8080-exec-334] org.apache.catalina.core.ApplicationContext.log Manager: list: Listing contexts for virtual host 'localhost'
22-Oct-2019 20:20:47.344 INFORMACIÓN [http-nio-8080-exec-312] org.apache.catalina.core.ApplicationContext.log Manager: restart: Reloading web application '/Savucv'
22-Oct-2019 20:20:55.209 INFORMACIÓN [http-nio-8080-exec-337] org.apache.catalina.core.ApplicationContext.log Manager: list: Listing contexts for virtual host 'localhost'
22-Oct-2019 20:20:55.221 INFORMACIÓN [http-nio-8080-exec-328] org.apache.catalina.core.ApplicationContext.log Manager: restart: Reloading web application '/Savucv'
22-Oct-2019 20:21:23.997 INFORMACIÓN [http-nio-8080-exec-342] org.apache.catalina.core.ApplicationContext.log Manager: list: Listing contexts for virtual host 'localhost'
22-Oct-2019 20:21:24.006 INFORMACIÓN [http-nio-8080-exec-318] org.apache.catalina.core.ApplicationContext.log Manager: restart: Reloading web application '/Savucv'
22-Oct-2019 20:23:09.294 INFORMACIÓN [http-nio-8080-exec-340] org.apache.catalina.core.ApplicationContext.log Manager: list: Listing contexts for virtual host 'localhost'
22-Oct-2019 20:23:09.314 INFORMACIÓN [http-nio-8080-exec-346] org.apache.catalina.core.ApplicationContext.log Manager: undeploy: Undeploying web application at '/Savucv'
22-Oct-2019 20:24:06.337 INFORMACIÓN [http-nio-8080-exec-345] org.apache.catalina.core.ApplicationContext.log Manager: list: Listing contexts for virtual host 'localhost'
22-Oct-2019 20:24:06.339 INFORMACIÓN [http-nio-8080-exec-344] org.apache.catalina.core.ApplicationContext.log Manager: list: Listing contexts for virtual host 'localhost'
22-Oct-2019 20:24:06.351 INFORMACIÓN [http-nio-8080-exec-309] org.apache.catalina.core.ApplicationContext.log Manager: install: Installing context configuration at 'file:/C:/Users/PC/AppData/Local/Temp/context4784786262788128927.xml'
22-Oct-2019 20:24:08.125 INFORMACIÓN [http-nio-8080-exec-332] org.apache.catalina.core.ApplicationContext.log Manager: start: Starting web application '/Savucv'
22-Oct-2019 20:24:10.260 INFORMACIÓN [http-nio-8080-exec-351] org.apache.catalina.core.ApplicationContext.log Manager: list: Listing contexts for virtual host 'localhost'
22-Oct-2019 20:24:10.270 INFORMACIÓN [http-nio-8080-exec-343] org.apache.catalina.core.ApplicationContext.log Manager: restart: Reloading web application '/Savucv'
22-Oct-2019 20:34:52.897 INFORMACIÓN [http-nio-8080-exec-352] org.apache.catalina.core.ApplicationContext.log Manager: list: Listing contexts for virtual host 'localhost'
22-Oct-2019 20:34:52.906 INFORMACIÓN [http-nio-8080-exec-353] org.apache.catalina.core.ApplicationContext.log Manager: restart: Reloading web application '/Savucv'
22-Oct-2019 20:35:03.652 INFORMACIÓN [http-nio-8080-exec-363] org.apache.catalina.core.ApplicationContext.log Manager: list: Listing contexts for virtual host 'localhost'
22-Oct-2019 20:35:03.663 INFORMACIÓN [http-nio-8080-exec-352] org.apache.catalina.core.ApplicationContext.log Manager: restart: Reloading web application '/Savucv'
22-Oct-2019 20:38:04.632 INFORMACIÓN [http-nio-8080-exec-364] org.apache.catalina.core.ApplicationContext.log Manager: list: Listing contexts for virtual host 'localhost'
22-Oct-2019 20:38:04.645 INFORMACIÓN [http-nio-8080-exec-365] org.apache.catalina.core.ApplicationContext.log Manager: restart: Reloading web application '/Savucv'
22-Oct-2019 20:38:06.564 INFORMACIÓN [http-nio-8080-exec-372] org.apache.catalina.core.ApplicationContext.log Manager: list: Listing contexts for virtual host 'localhost'
22-Oct-2019 20:38:06.597 INFORMACIÓN [http-nio-8080-exec-367] org.apache.catalina.core.ApplicationContext.log Manager: restart: Reloading web application '/Savucv'
22-Oct-2019 20:38:51.521 INFORMACIÓN [http-nio-8080-exec-355] org.apache.catalina.core.ApplicationContext.log Manager: list: Listing contexts for virtual host 'localhost'
22-Oct-2019 20:38:51.530 INFORMACIÓN [http-nio-8080-exec-371] org.apache.catalina.core.ApplicationContext.log Manager: restart: Reloading web application '/Savucv'
22-Oct-2019 20:39:05.743 INFORMACIÓN [http-nio-8080-exec-375] org.apache.catalina.core.ApplicationContext.log Manager: list: Listing contexts for virtual host 'localhost'
22-Oct-2019 20:39:05.749 INFORMACIÓN [http-nio-8080-exec-376] org.apache.catalina.core.ApplicationContext.log Manager: restart: Reloading web application '/Savucv'
22-Oct-2019 20:39:20.486 INFORMACIÓN [http-nio-8080-exec-379] org.apache.catalina.core.ApplicationContext.log Manager: list: Listing contexts for virtual host 'localhost'
22-Oct-2019 20:39:20.501 INFORMACIÓN [http-nio-8080-exec-375] org.apache.catalina.core.ApplicationContext.log Manager: restart: Reloading web application '/Savucv'
22-Oct-2019 20:39:37.775 INFORMACIÓN [http-nio-8080-exec-378] org.apache.catalina.core.ApplicationContext.log Manager: list: Listing contexts for virtual host 'localhost'
22-Oct-2019 20:39:37.777 INFORMACIÓN [http-nio-8080-exec-364] org.apache.catalina.core.ApplicationContext.log Manager: list: Listing contexts for virtual host 'localhost'
22-Oct-2019 20:39:38.122 INFORMACIÓN [http-nio-8080-exec-368] org.apache.catalina.core.ApplicationContext.log Manager: stop: Stopping web application '/Savucv'
22-Oct-2019 20:39:38.167 INFORMACIÓN [http-nio-8080-exec-364] org.apache.catalina.core.ApplicationContext.log Manager: start: Starting web application '/Savucv'
22-Oct-2019 20:41:30.914 INFORMACIÓN [http-nio-8080-exec-380] org.apache.catalina.core.ApplicationContext.log Manager: list: Listing contexts for virtual host 'localhost'
22-Oct-2019 20:41:30.923 INFORMACIÓN [http-nio-8080-exec-379] org.apache.catalina.core.ApplicationContext.log Manager: restart: Reloading web application '/Savucv'
22-Oct-2019 20:41:58.451 INFORMACIÓN [http-nio-8080-exec-384] org.apache.catalina.core.ApplicationContext.log Manager: list: Listing contexts for virtual host 'localhost'
22-Oct-2019 20:41:58.459 INFORMACIÓN [http-nio-8080-exec-380] org.apache.catalina.core.ApplicationContext.log Manager: undeploy: Undeploying web application at '/Savucv'
22-Oct-2019 20:43:08.039 INFORMACIÓN [http-nio-8080-exec-382] org.apache.catalina.core.ApplicationContext.log Manager: list: Listing contexts for virtual host 'localhost'
22-Oct-2019 20:43:56.401 INFORMACIÓN [http-nio-8080-exec-389] org.apache.catalina.core.ApplicationContext.log Manager: list: Listing contexts for virtual host 'localhost'
22-Oct-2019 20:44:12.467 INFORMACIÓN [http-nio-8080-exec-396] org.apache.catalina.core.ApplicationContext.log Manager: list: Listing contexts for virtual host 'localhost'
22-Oct-2019 20:44:12.469 INFORMACIÓN [http-nio-8080-exec-390] org.apache.catalina.core.ApplicationContext.log Manager: list: Listing contexts for virtual host 'localhost'
22-Oct-2019 20:44:12.479 INFORMACIÓN [http-nio-8080-exec-383] org.apache.catalina.core.ApplicationContext.log Manager: install: Installing context configuration at 'file:/C:/Users/PC/AppData/Local/Temp/context5456655083980549986.xml'
22-Oct-2019 20:44:14.257 INFORMACIÓN [http-nio-8080-exec-389] org.apache.catalina.core.ApplicationContext.log Manager: start: Starting web application '/Savucv'
22-Oct-2019 20:46:55.774 INFORMACIÓN [http-nio-8080-exec-398] org.apache.catalina.core.ApplicationContext.log Manager: list: Listing contexts for virtual host 'localhost'
22-Oct-2019 20:46:55.789 INFORMACIÓN [http-nio-8080-exec-395] org.apache.catalina.core.ApplicationContext.log Manager: restart: Reloading web application '/Savucv'
22-Oct-2019 20:47:48.109 INFORMACIÓN [http-nio-8080-exec-404] org.apache.catalina.core.ApplicationContext.log Manager: list: Listing contexts for virtual host 'localhost'
22-Oct-2019 20:47:48.119 INFORMACIÓN [http-nio-8080-exec-400] org.apache.catalina.core.ApplicationContext.log Manager: restart: Reloading web application '/Savucv'
22-Oct-2019 20:47:51.900 INFORMACIÓN [http-nio-8080-exec-396] org.apache.catalina.core.ApplicationContext.log Manager: list: Listing contexts for virtual host 'localhost'
22-Oct-2019 20:47:51.916 INFORMACIÓN [http-nio-8080-exec-401] org.apache.catalina.core.ApplicationContext.log Manager: undeploy: Undeploying web application at '/Savucv'
22-Oct-2019 20:48:01.584 INFORMACIÓN [http-nio-8080-exec-406] org.apache.catalina.core.ApplicationContext.log Manager: list: Listing contexts for virtual host 'localhost'
22-Oct-2019 20:48:01.588 INFORMACIÓN [http-nio-8080-exec-396] org.apache.catalina.core.ApplicationContext.log Manager: list: Listing contexts for virtual host 'localhost'
22-Oct-2019 20:48:01.605 INFORMACIÓN [http-nio-8080-exec-401] org.apache.catalina.core.ApplicationContext.log Manager: install: Installing context configuration at 'file:/C:/Users/PC/AppData/Local/Temp/context5451577988804337814.xml'
22-Oct-2019 20:48:03.533 INFORMACIÓN [http-nio-8080-exec-409] org.apache.catalina.core.ApplicationContext.log Manager: start: Starting web application '/Savucv'
22-Oct-2019 20:49:48.746 INFORMACIÓN [http-nio-8080-exec-412] org.apache.catalina.core.ApplicationContext.log Manager: list: Listing contexts for virtual host 'localhost'
22-Oct-2019 20:49:48.760 INFORMACIÓN [http-nio-8080-exec-413] org.apache.catalina.core.ApplicationContext.log Manager: restart: Reloading web application '/Savucv'
22-Oct-2019 20:49:54.778 INFORMACIÓN [http-nio-8080-exec-409] org.apache.catalina.core.ApplicationContext.log Manager: list: Listing contexts for virtual host 'localhost'
22-Oct-2019 20:49:54.780 INFORMACIÓN [http-nio-8080-exec-416] org.apache.catalina.core.ApplicationContext.log Manager: list: Listing contexts for virtual host 'localhost'
22-Oct-2019 20:49:55.088 INFORMACIÓN [http-nio-8080-exec-415] org.apache.catalina.core.ApplicationContext.log Manager: stop: Stopping web application '/Savucv'
22-Oct-2019 20:49:55.095 INFORMACIÓN [http-nio-8080-exec-416] org.apache.catalina.core.ApplicationContext.log Manager: start: Starting web application '/Savucv'
22-Oct-2019 20:51:29.849 INFORMACIÓN [http-nio-8080-exec-411] org.apache.catalina.core.ApplicationContext.log Manager: list: Listing contexts for virtual host 'localhost'
22-Oct-2019 20:51:29.857 INFORMACIÓN [http-nio-8080-exec-418] org.apache.catalina.core.ApplicationContext.log Manager: undeploy: Undeploying web application at '/Savucv'
22-Oct-2019 20:51:41.682 INFORMACIÓN [http-nio-8080-exec-424] org.apache.catalina.core.ApplicationContext.log Manager: list: Listing contexts for virtual host 'localhost'
22-Oct-2019 20:51:41.687 INFORMACIÓN [http-nio-8080-exec-411] org.apache.catalina.core.ApplicationContext.log Manager: list: Listing contexts for virtual host 'localhost'
22-Oct-2019 20:51:41.695 INFORMACIÓN [http-nio-8080-exec-423] org.apache.catalina.core.ApplicationContext.log Manager: install: Installing context configuration at 'file:/C:/Users/PC/AppData/Local/Temp/context4994190651349309267.xml'
22-Oct-2019 20:51:43.382 INFORMACIÓN [http-nio-8080-exec-418] org.apache.catalina.core.ApplicationContext.log Manager: start: Starting web application '/Savucv'
22-Oct-2019 20:54:53.478 INFORMACIÓN [http-nio-8080-exec-426] org.apache.catalina.core.ApplicationContext.log Manager: list: Listing contexts for virtual host 'localhost'
22-Oct-2019 20:54:53.489 INFORMACIÓN [http-nio-8080-exec-427] org.apache.catalina.core.ApplicationContext.log Manager: restart: Reloading web application '/Savucv'
22-Oct-2019 20:54:59.093 INFORMACIÓN [http-nio-8080-exec-434] org.apache.catalina.core.ApplicationContext.log Manager: list: Listing contexts for virtual host 'localhost'
22-Oct-2019 20:54:59.103 INFORMACIÓN [http-nio-8080-exec-429] org.apache.catalina.core.ApplicationContext.log Manager: restart: Reloading web application '/Savucv'
22-Oct-2019 20:55:09.240 INFORMACIÓN [http-nio-8080-exec-439] org.apache.catalina.core.ApplicationContext.log Manager: list: Listing contexts for virtual host 'localhost'
22-Oct-2019 20:55:09.242 INFORMACIÓN [http-nio-8080-exec-433] org.apache.catalina.core.ApplicationContext.log Manager: list: Listing contexts for virtual host 'localhost'
22-Oct-2019 20:55:09.569 INFORMACIÓN [http-nio-8080-exec-436] org.apache.catalina.core.ApplicationContext.log Manager: stop: Stopping web application '/Savucv'
22-Oct-2019 20:55:09.575 INFORMACIÓN [http-nio-8080-exec-434] org.apache.catalina.core.ApplicationContext.log Manager: start: Starting web application '/Savucv'
22-Oct-2019 20:55:31.443 INFORMACIÓN [http-nio-8080-exec-436] org.apache.catalina.core.ApplicationContext.log Manager: list: Listing contexts for virtual host 'localhost'
22-Oct-2019 20:55:31.457 INFORMACIÓN [http-nio-8080-exec-441] org.apache.catalina.core.ApplicationContext.log Manager: restart: Reloading web application '/Savucv'
22-Oct-2019 20:57:34.580 INFORMACIÓN [http-nio-8080-exec-448] org.apache.catalina.core.ApplicationContext.log Manager: list: Listing contexts for virtual host 'localhost'
22-Oct-2019 20:57:43.393 INFORMACIÓN [http-nio-8080-exec-453] org.apache.catalina.core.ApplicationContext.log Manager: list: Listing contexts for virtual host 'localhost'
22-Oct-2019 20:57:58.638 INFORMACIÓN [http-nio-8080-exec-449] org.apache.catalina.core.ApplicationContext.log Manager: list: Listing contexts for virtual host 'localhost'
22-Oct-2019 20:57:58.651 INFORMACIÓN [http-nio-8080-exec-454] org.apache.catalina.core.ApplicationContext.log Manager: restart: Reloading web application '/Savucv'
22-Oct-2019 20:58:01.447 INFORMACIÓN [http-nio-8080-exec-456] org.apache.catalina.core.ApplicationContext.log Manager: list: Listing contexts for virtual host 'localhost'
22-Oct-2019 20:58:01.449 INFORMACIÓN [http-nio-8080-exec-447] org.apache.catalina.core.ApplicationContext.log Manager: list: Listing contexts for virtual host 'localhost'
22-Oct-2019 20:58:01.812 INFORMACIÓN [http-nio-8080-exec-457] org.apache.catalina.core.ApplicationContext.log Manager: restart: Reloading web application '/Savucv'
22-Oct-2019 21:05:57.422 INFORMACIÓN [http-nio-8080-exec-462] org.apache.catalina.core.ApplicationContext.log Manager: list: Listing contexts for virtual host 'localhost'
22-Oct-2019 21:05:57.432 INFORMACIÓN [http-nio-8080-exec-463] org.apache.catalina.core.ApplicationContext.log Manager: restart: Reloading web application '/Savucv'
22-Oct-2019 21:06:42.994 INFORMACIÓN [http-nio-8080-exec-474] org.apache.catalina.core.ApplicationContext.log Manager: list: Listing contexts for virtual host 'localhost'
22-Oct-2019 21:06:43.005 INFORMACIÓN [http-nio-8080-exec-466] org.apache.catalina.core.ApplicationContext.log Manager: restart: Reloading web application '/Savucv'
22-Oct-2019 21:06:43.942 INFORMACIÓN [http-nio-8080-exec-460] org.apache.catalina.core.ApplicationContext.log Manager: list: Listing contexts for virtual host 'localhost'
22-Oct-2019 21:06:45.212 INFORMACIÓN [http-nio-8080-exec-473] org.apache.catalina.core.ApplicationContext.log Manager: undeploy: Undeploying web application at '/Savucv'
22-Oct-2019 21:08:43.824 INFORMACIÓN [http-nio-8080-exec-476] org.apache.catalina.core.ApplicationContext.log Manager: list: Listing contexts for virtual host 'localhost'
22-Oct-2019 21:09:20.484 INFORMACIÓN [http-nio-8080-exec-477] org.apache.catalina.core.ApplicationContext.log Manager: list: Listing contexts for virtual host 'localhost'
22-Oct-2019 21:13:23.517 INFORMACIÓN [http-nio-8080-exec-480] org.apache.catalina.core.ApplicationContext.log Manager: list: Listing contexts for virtual host 'localhost'
22-Oct-2019 21:13:23.519 INFORMACIÓN [http-nio-8080-exec-477] org.apache.catalina.core.ApplicationContext.log Manager: list: Listing contexts for virtual host 'localhost'
22-Oct-2019 21:13:23.525 INFORMACIÓN [http-nio-8080-exec-478] org.apache.catalina.core.ApplicationContext.log Manager: install: Installing context configuration at 'file:/C:/Users/PC/AppData/Local/Temp/context8659075635515631399.xml'
22-Oct-2019 21:13:25.282 INFORMACIÓN [http-nio-8080-exec-483] org.apache.catalina.core.ApplicationContext.log Manager: start: Starting web application '/Savucv'
22-Oct-2019 21:14:26.633 INFORMACIÓN [http-nio-8080-exec-479] org.apache.catalina.core.ApplicationContext.log Manager: list: Listing contexts for virtual host 'localhost'
22-Oct-2019 21:14:26.644 INFORMACIÓN [http-nio-8080-exec-481] org.apache.catalina.core.ApplicationContext.log Manager: restart: Reloading web application '/Savucv'
22-Oct-2019 21:14:31.837 INFORMACIÓN [http-nio-8080-exec-485] org.apache.catalina.core.ApplicationContext.log Manager: list: Listing contexts for virtual host 'localhost'
22-Oct-2019 21:14:31.841 INFORMACIÓN [http-nio-8080-exec-486] org.apache.catalina.core.ApplicationContext.log Manager: list: Listing contexts for virtual host 'localhost'
22-Oct-2019 21:14:32.224 INFORMACIÓN [http-nio-8080-exec-480] org.apache.catalina.core.ApplicationContext.log Manager: stop: Stopping web application '/Savucv'
22-Oct-2019 21:14:32.233 INFORMACIÓN [http-nio-8080-exec-483] org.apache.catalina.core.ApplicationContext.log Manager: start: Starting web application '/Savucv'
22-Oct-2019 21:15:55.174 INFORMACIÓN [http-nio-8080-exec-492] org.apache.catalina.core.ApplicationContext.log Manager: list: Listing contexts for virtual host 'localhost'
22-Oct-2019 21:15:55.183 INFORMACIÓN [http-nio-8080-exec-490] org.apache.catalina.core.ApplicationContext.log Manager: restart: Reloading web application '/Savucv'
22-Oct-2019 21:18:58.208 INFORMACIÓN [http-nio-8080-exec-496] org.apache.catalina.core.ApplicationContext.log Manager: list: Listing contexts for virtual host 'localhost'
22-Oct-2019 21:18:58.215 INFORMACIÓN [http-nio-8080-exec-498] org.apache.catalina.core.ApplicationContext.log Manager: restart: Reloading web application '/Savucv'
22-Oct-2019 21:19:48.625 INFORMACIÓN [http-nio-8080-exec-501] org.apache.catalina.core.ApplicationContext.log Manager: list: Listing contexts for virtual host 'localhost'
22-Oct-2019 21:19:48.665 INFORMACIÓN [http-nio-8080-exec-496] org.apache.catalina.core.ApplicationContext.log Manager: restart: Reloading web application '/Savucv'
22-Oct-2019 21:19:50.677 INFORMACIÓN [http-nio-8080-exec-510] org.apache.catalina.core.ApplicationContext.log Manager: list: Listing contexts for virtual host 'localhost'
22-Oct-2019 21:19:50.688 INFORMACIÓN [http-nio-8080-exec-506] org.apache.catalina.core.ApplicationContext.log Manager: restart: Reloading web application '/Savucv'
22-Oct-2019 21:20:19.410 INFORMACIÓN [http-nio-8080-exec-511] org.apache.catalina.core.ApplicationContext.log Manager: list: Listing contexts for virtual host 'localhost'
22-Oct-2019 21:20:19.418 INFORMACIÓN [http-nio-8080-exec-500] org.apache.catalina.core.ApplicationContext.log Manager: stop: Stopping web application '/Savucv'
22-Oct-2019 21:20:19.425 INFORMACIÓN [http-nio-8080-exec-512] org.apache.catalina.core.ApplicationContext.log Manager: start: Starting web application '/Savucv'
22-Oct-2019 21:20:41.651 INFORMACIÓN [http-nio-8080-exec-508] org.apache.catalina.core.ApplicationContext.log Manager: list: Listing contexts for virtual host 'localhost'
22-Oct-2019 21:20:41.687 INFORMACIÓN [http-nio-8080-exec-506] org.apache.catalina.core.ApplicationContext.log Manager: stop: Stopping web application '/Savucv'
22-Oct-2019 21:20:41.697 INFORMACIÓN [http-nio-8080-exec-508] org.apache.catalina.core.ApplicationContext.log Manager: start: Starting web application '/Savucv'
22-Oct-2019 21:20:43.622 INFORMACIÓN [http-nio-8080-exec-515] org.apache.catalina.core.ApplicationContext.log Manager: list: Listing contexts for virtual host 'localhost'
22-Oct-2019 21:20:43.633 INFORMACIÓN [http-nio-8080-exec-514] org.apache.catalina.core.ApplicationContext.log Manager: restart: Reloading web application '/Savucv'
22-Oct-2019 21:21:23.153 INFORMACIÓN [http-nio-8080-exec-511] org.apache.catalina.core.ApplicationContext.log Manager: list: Listing contexts for virtual host 'localhost'
22-Oct-2019 21:21:23.168 INFORMACIÓN [http-nio-8080-exec-507] org.apache.catalina.core.ApplicationContext.log Manager: restart: Reloading web application '/Savucv'
22-Oct-2019 21:27:14.105 INFORMACIÓN [http-nio-8080-exec-522] org.apache.catalina.core.ApplicationContext.log Manager: list: Listing contexts for virtual host 'localhost'
22-Oct-2019 21:27:14.349 INFORMACIÓN [http-nio-8080-exec-523] org.apache.catalina.core.ApplicationContext.log Manager: restart: Reloading web application '/Savucv'
22-Oct-2019 21:27:16.303 INFORMACIÓN [http-nio-8080-exec-522] org.apache.catalina.core.ApplicationContext.log Manager: list: Listing contexts for virtual host 'localhost'
22-Oct-2019 21:27:16.363 INFORMACIÓN [http-nio-8080-exec-531] org.apache.catalina.core.ApplicationContext.log Manager: restart: Reloading web application '/Savucv'
22-Oct-2019 21:42:45.269 INFORMACIÓN [http-nio-8080-exec-541] org.apache.catalina.core.ApplicationContext.log Manager: list: Listing contexts for virtual host 'localhost'
22-Oct-2019 21:42:45.296 INFORMACIÓN [http-nio-8080-exec-542] org.apache.catalina.core.ApplicationContext.log Manager: undeploy: Undeploying web application at '/Savucv'
22-Oct-2019 21:42:58.979 INFORMACIÓN [http-nio-8080-exec-541] org.apache.catalina.core.ApplicationContext.log Manager: list: Listing contexts for virtual host 'localhost'
22-Oct-2019 21:42:58.981 INFORMACIÓN [http-nio-8080-exec-534] org.apache.catalina.core.ApplicationContext.log Manager: list: Listing contexts for virtual host 'localhost'
22-Oct-2019 21:42:58.988 INFORMACIÓN [http-nio-8080-exec-533] org.apache.catalina.core.ApplicationContext.log Manager: install: Installing context configuration at 'file:/C:/Users/PC/AppData/Local/Temp/context6262751929392803597.xml'
22-Oct-2019 21:43:00.944 INFORMACIÓN [http-nio-8080-exec-535] org.apache.catalina.core.ApplicationContext.log Manager: start: Starting web application '/Savucv'
22-Oct-2019 21:43:52.760 INFORMACIÓN [http-nio-8080-exec-536] org.apache.catalina.core.ApplicationContext.log Manager: list: Listing contexts for virtual host 'localhost'
22-Oct-2019 21:43:52.786 INFORMACIÓN [http-nio-8080-exec-545] org.apache.catalina.core.ApplicationContext.log Manager: restart: Reloading web application '/Savucv'
22-Oct-2019 21:44:19.542 INFORMACIÓN [http-nio-8080-exec-553] org.apache.catalina.core.ApplicationContext.log Manager: list: Listing contexts for virtual host 'localhost'
22-Oct-2019 21:44:19.555 INFORMACIÓN [http-nio-8080-exec-544] org.apache.catalina.core.ApplicationContext.log Manager: restart: Reloading web application '/Savucv'
22-Oct-2019 21:44:21.085 INFORMACIÓN [http-nio-8080-exec-552] org.apache.catalina.core.ApplicationContext.log Manager: list: Listing contexts for virtual host 'localhost'
22-Oct-2019 21:44:21.285 INFORMACIÓN [http-nio-8080-exec-553] org.apache.catalina.core.ApplicationContext.log Manager: undeploy: Undeploying web application at '/Savucv'
22-Oct-2019 21:44:27.923 INFORMACIÓN [http-nio-8080-exec-543] org.apache.catalina.core.ApplicationContext.log Manager: list: Listing contexts for virtual host 'localhost'
22-Oct-2019 21:44:27.926 INFORMACIÓN [http-nio-8080-exec-554] org.apache.catalina.core.ApplicationContext.log Manager: list: Listing contexts for virtual host 'localhost'
22-Oct-2019 21:44:27.934 INFORMACIÓN [http-nio-8080-exec-553] org.apache.catalina.core.ApplicationContext.log Manager: install: Installing context configuration at 'file:/C:/Users/PC/AppData/Local/Temp/context1292804886387167125.xml'
22-Oct-2019 21:44:29.793 INFORMACIÓN [http-nio-8080-exec-544] org.apache.catalina.core.ApplicationContext.log Manager: start: Starting web application '/Savucv'
22-Oct-2019 21:44:53.201 INFORMACIÓN [http-nio-8080-exec-557] org.apache.catalina.core.ApplicationContext.log Manager: list: Listing contexts for virtual host 'localhost'
22-Oct-2019 21:44:53.208 INFORMACIÓN [http-nio-8080-exec-552] org.apache.catalina.core.ApplicationContext.log Manager: restart: Reloading web application '/Savucv'
22-Oct-2019 21:45:30.203 INFORMACIÓN [http-nio-8080-exec-549] org.apache.catalina.core.ApplicationContext.log Manager: list: Listing contexts for virtual host 'localhost'
22-Oct-2019 21:45:30.210 INFORMACIÓN [http-nio-8080-exec-561] org.apache.catalina.core.ApplicationContext.log Manager: undeploy: Undeploying web application at '/Savucv'
22-Oct-2019 21:45:55.033 INFORMACIÓN [http-nio-8080-exec-2] org.apache.catalina.core.ApplicationContext.log Manager: init: Associated with Deployer 'Catalina:type=Deployer,host=localhost'
22-Oct-2019 21:45:55.033 INFORMACIÓN [http-nio-8080-exec-2] org.apache.catalina.core.ApplicationContext.log Manager: init: Global resources are available
22-Oct-2019 21:46:41.230 INFORMACIÓN [http-nio-8080-exec-5] org.apache.catalina.core.ApplicationContext.log Manager: list: Listing contexts for virtual host 'localhost'
22-Oct-2019 21:46:41.233 INFORMACIÓN [http-nio-8080-exec-6] org.apache.catalina.core.ApplicationContext.log Manager: list: Listing contexts for virtual host 'localhost'
22-Oct-2019 21:46:41.240 INFORMACIÓN [http-nio-8080-exec-8] org.apache.catalina.core.ApplicationContext.log Manager: install: Installing context configuration at 'file:/C:/Users/PC/AppData/Local/Temp/context6612116919640765421.xml'
22-Oct-2019 21:46:43.966 INFORMACIÓN [http-nio-8080-exec-7] org.apache.catalina.core.ApplicationContext.log Manager: start: Starting web application '/Savucv'
22-Oct-2019 21:50:27.733 INFORMACIÓN [http-nio-8080-exec-5] org.apache.catalina.core.ApplicationContext.log Manager: list: Listing contexts for virtual host 'localhost'
22-Oct-2019 21:50:27.742 INFORMACIÓN [http-nio-8080-exec-8] org.apache.catalina.core.ApplicationContext.log Manager: restart: Reloading web application '/Savucv'
22-Oct-2019 21:50:35.223 INFORMACIÓN [http-nio-8080-exec-12] org.apache.catalina.core.ApplicationContext.log Manager: list: Listing contexts for virtual host 'localhost'
22-Oct-2019 21:50:35.232 INFORMACIÓN [http-nio-8080-exec-13] org.apache.catalina.core.ApplicationContext.log Manager: restart: Reloading web application '/Savucv'
